<?xml version="1.0" encoding="UTF-8"?>
<!-- Generated by org.testng.reporters.JUnitReportReporter -->
<testsuite hostname="BDC3-DX-4806N62" name="com.test.NewTest7" tests="3" failures="0" timestamp="9 Apr 2019 05:50:50 GMT" time="8.576" errors="0">
  <testcase name="testValidUserDemoWebShop" time="2.644" classname="com.test.NewTest7"/>
  <testcase name="testValidUserDemoWebShop" time="2.202" classname="com.test.NewTest7"/>
  <testcase name="testValidUserDemoWebShop" time="3.730" classname="com.test.NewTest7"/>
</testsuite> <!-- com.test.NewTest7 -->
