<?xml version="1.0" encoding="UTF-8"?>
<!-- Generated by org.testng.reporters.JUnitReportReporter -->
<testsuite hostname="BDC3-DX-4806N62" name="com.test.NewTest6" tests="1" failures="0" timestamp="9 Apr 2019 05:08:05 GMT" time="1.547" errors="0">
  <testcase name="testExtractDataExcel" time="1.547" classname="com.test.NewTest6"/>
</testsuite> <!-- com.test.NewTest6 -->
