<?xml version="1.0" encoding="UTF-8"?>
<!-- Generated by org.testng.reporters.JUnitReportReporter -->
<testsuite hostname="BDC3-DX-4806N62" name="com.test.NewTest1" tests="2" failures="0" timestamp="8 Apr 2019 06:53:04 GMT" time="0.021" errors="0">
  <testcase name="test2" time="0.003" classname="com.test.NewTest1"/>
  <testcase name="test1" time="0.018" classname="com.test.NewTest1"/>
</testsuite> <!-- com.test.NewTest1 -->
