<?xml version="1.0" encoding="UTF-8"?>
<!-- Generated by org.testng.reporters.JUnitReportReporter -->
<testsuite hostname="BDC3-DX-4806N62" name="com.test.NewTest4" tests="1" failures="0" timestamp="8 Apr 2019 11:08:50 GMT" time="28.208" errors="0">
  <testcase name="testKeys" time="28.208" classname="com.test.NewTest4"/>
</testsuite> <!-- com.test.NewTest4 -->
