<?xml version="1.0" encoding="UTF-8"?>
<!-- Generated by org.testng.reporters.JUnitReportReporter -->
<testsuite hostname="BDC3-DX-4806N62" name="com.test.ReadJSONTest" tests="1" failures="0" timestamp="9 Apr 2019 07:50:17 GMT" time="0.025" errors="0">
  <testcase name="testJSON" time="0.025" classname="com.test.ReadJSONTest"/>
</testsuite> <!-- com.test.ReadJSONTest -->
